app/build/intermediates/manifest_merge_blame_file/debug/manifest-merger-blame-debug-report.txt
1<?xml version="1.0" encoding="utf-8"?>
2<manifest xmlns:android="http://schemas.android.com/apk/res/android"
3    package="com.google.mlkit.vision.demo"
4    android:installLocation="auto"
5    android:versionCode="11"
6    android:versionName="1.11" >
7    <!--
8 CameraX libraries require minSdkVersion 21, while this quickstart app
9    supports low to 16. Needs to use overrideLibrary to make the merger tool
10    ignore this conflict and import the libraries while keeping the app's lower
11    minSdkVersion value. In code, will check SDK version, before calling CameraX
12    APIs.
13    -->
14    <uses-sdk
14-->src\main\AndroidManifest.xml:13:5-16:63
15        android:minSdkVersion="16"
15-->src\main\AndroidManifest.xml:13:5-16:63
16        android:targetSdkVersion="29" />
16-->src\main\AndroidManifest.xml:13:5-16:63
17
18    <uses-feature android:name="android.hardware.camera" />
18-->src\main\AndroidManifest.xml:18:5-59
18-->src\main\AndroidManifest.xml:18:19-57
19
20    <uses-permission android:name="android.permission.INTERNET" />
20-->src\main\AndroidManifest.xml:20:5-66
20-->src\main\AndroidManifest.xml:20:22-64
21    <uses-permission android:name="android.permission.WRITE_EXTERNAL_STORAGE" />
21-->src\main\AndroidManifest.xml:21:5-80
21-->src\main\AndroidManifest.xml:21:22-78
22    <uses-permission android:name="android.permission.READ_EXTERNAL_STORAGE" />
22-->src\main\AndroidManifest.xml:22:5-79
22-->src\main\AndroidManifest.xml:22:22-77
23    <uses-permission android:name="android.permission.CAMERA" />
23-->src\main\AndroidManifest.xml:23:5-64
23-->src\main\AndroidManifest.xml:23:22-62
24
25    <!-- Although the *SdkVersion is captured in gradle build files, this is required for non gradle builds -->
26    <!-- <uses-sdk android:minSdkVersion="14"/> -->
27    <uses-permission android:name="android.permission.ACCESS_NETWORK_STATE" />
27-->[com.google.android.datatransport:transport-backend-cct:2.3.2] AndroidManifest.xml:25:5-79
27-->[com.google.android.datatransport:transport-backend-cct:2.3.2] AndroidManifest.xml:25:22-76
28
29    <application
29-->src\main\AndroidManifest.xml:25:5-101:19
30        android:name="androidx.multidex.MultiDexApplication"
30-->src\main\AndroidManifest.xml:26:9-61
31        android:appComponentFactory="androidx.core.app.CoreComponentFactory"
31-->[androidx.core:core:1.3.1] AndroidManifest.xml:24:18-86
32        android:debuggable="true"
33        android:icon="@drawable/logo_mlkit"
33-->src\main\AndroidManifest.xml:27:9-44
34        android:label="@string/app_name"
34-->src\main\AndroidManifest.xml:28:9-41
35        android:testOnly="true"
36        android:theme="@style/Theme.AppCompat" >
36-->src\main\AndroidManifest.xml:29:9-47
37        <meta-data
37-->src\main\AndroidManifest.xml:31:9-33:68
38            android:name="com.google.android.gms.version"
38-->src\main\AndroidManifest.xml:32:13-58
39            android:value="@integer/google_play_services_version" />
39-->src\main\AndroidManifest.xml:33:13-66
40
41        <!--
42          Optional: Add it to automatically download ML model to device after
43          your app is installed.
44        -->
45        <meta-data
45-->src\main\AndroidManifest.xml:37:9-39:51
46            android:name="com.google.mlkit.vision.DEPENDENCIES"
46-->src\main\AndroidManifest.xml:38:13-64
47            android:value="barcode,face,ocr,ica" />
47-->src\main\AndroidManifest.xml:39:13-49
48
49        <activity
49-->src\main\AndroidManifest.xml:41:9-49:20
50            android:name="com.google.mlkit.vision.demo.EntryChoiceActivity"
50-->src\main\AndroidManifest.xml:42:13-48
51            android:exported="true"
51-->src\main\AndroidManifest.xml:43:13-36
52            android:theme="@style/AppTheme" >
52-->src\main\AndroidManifest.xml:44:13-44
53            <intent-filter>
53-->src\main\AndroidManifest.xml:45:13-48:29
54                <action android:name="android.intent.action.MAIN" />
54-->src\main\AndroidManifest.xml:46:17-68
54-->src\main\AndroidManifest.xml:46:25-66
55
56                <category android:name="android.intent.category.LAUNCHER" />
56-->src\main\AndroidManifest.xml:47:17-76
56-->src\main\AndroidManifest.xml:47:27-74
57            </intent-filter>
58        </activity>
59        <activity
59-->src\main\AndroidManifest.xml:51:9-54:20
60            android:name="com.google.mlkit.vision.demo.java.ChooserActivity"
60-->src\main\AndroidManifest.xml:52:13-49
61            android:exported="true" >
61-->src\main\AndroidManifest.xml:53:13-36
62        </activity>
63        <activity
63-->src\main\AndroidManifest.xml:56:9-60:20
64            android:name="com.google.mlkit.vision.demo.java.LivePreviewActivity"
64-->src\main\AndroidManifest.xml:57:13-53
65            android:exported="true"
65-->src\main\AndroidManifest.xml:58:13-36
66            android:theme="@style/AppTheme" >
66-->src\main\AndroidManifest.xml:59:13-44
67        </activity>
68        <activity
68-->src\main\AndroidManifest.xml:62:9-66:20
69            android:name="com.google.mlkit.vision.demo.java.CameraXLivePreviewActivity"
69-->src\main\AndroidManifest.xml:63:13-60
70            android:exported="true"
70-->src\main\AndroidManifest.xml:64:13-36
71            android:theme="@style/AppTheme" >
71-->src\main\AndroidManifest.xml:65:13-44
72        </activity>
73        <activity
73-->src\main\AndroidManifest.xml:68:9-72:20
74            android:name="com.google.mlkit.vision.demo.java.StillImageActivity"
74-->src\main\AndroidManifest.xml:69:13-52
75            android:exported="true"
75-->src\main\AndroidManifest.xml:70:13-36
76            android:theme="@style/AppTheme" >
76-->src\main\AndroidManifest.xml:71:13-44
77        </activity>
78        <activity
78-->src\main\AndroidManifest.xml:74:9-77:20
79            android:name="com.google.mlkit.vision.demo.kotlin.ChooserActivity"
79-->src\main\AndroidManifest.xml:75:13-51
80            android:exported="true" >
80-->src\main\AndroidManifest.xml:76:13-36
81        </activity>
82        <activity
82-->src\main\AndroidManifest.xml:79:9-83:20
83            android:name="com.google.mlkit.vision.demo.kotlin.LivePreviewActivity"
83-->src\main\AndroidManifest.xml:80:13-55
84            android:exported="true"
84-->src\main\AndroidManifest.xml:81:13-36
85            android:theme="@style/AppTheme" >
85-->src\main\AndroidManifest.xml:82:13-44
86        </activity>
87        <activity
87-->src\main\AndroidManifest.xml:85:9-89:20
88            android:name="com.google.mlkit.vision.demo.kotlin.CameraXLivePreviewActivity"
88-->src\main\AndroidManifest.xml:86:13-62
89            android:exported="true"
89-->src\main\AndroidManifest.xml:87:13-36
90            android:theme="@style/AppTheme" >
90-->src\main\AndroidManifest.xml:88:13-44
91        </activity>
92        <activity
92-->src\main\AndroidManifest.xml:91:9-95:20
93            android:name="com.google.mlkit.vision.demo.kotlin.StillImageActivity"
93-->src\main\AndroidManifest.xml:92:13-54
94            android:exported="true"
94-->src\main\AndroidManifest.xml:93:13-36
95            android:theme="@style/AppTheme" >
95-->src\main\AndroidManifest.xml:94:13-44
96        </activity>
97        <activity
97-->src\main\AndroidManifest.xml:97:9-99:39
98            android:name="com.google.mlkit.vision.demo.preference.SettingsActivity"
98-->src\main\AndroidManifest.xml:98:13-56
99            android:exported="false" />
99-->src\main\AndroidManifest.xml:99:13-37
100
101        <service
101-->[com.google.mlkit:object-detection:16.2.2] AndroidManifest.xml:8:9-14:19
102            android:name="com.google.mlkit.common.internal.MlKitComponentDiscoveryService"
102-->[com.google.mlkit:object-detection:16.2.2] AndroidManifest.xml:9:13-91
103            android:directBootAware="true"
103-->[com.google.mlkit:common:17.1.0] AndroidManifest.xml:17:13-43
104            android:exported="false" >
104-->[com.google.mlkit:object-detection:16.2.2] AndroidManifest.xml:10:13-37
105            <meta-data
105-->[com.google.mlkit:object-detection:16.2.2] AndroidManifest.xml:11:13-13:85
106                android:name="com.google.firebase.components:com.google.mlkit.vision.objects.defaults.internal.DefaultObjectsRegistrar"
106-->[com.google.mlkit:object-detection:16.2.2] AndroidManifest.xml:12:17-136
107                android:value="com.google.firebase.components.ComponentRegistrar" />
107-->[com.google.mlkit:object-detection:16.2.2] AndroidManifest.xml:13:17-82
108            <meta-data
108-->[com.google.mlkit:object-detection-custom:16.3.0] AndroidManifest.xml:11:13-13:85
109                android:name="com.google.firebase.components:com.google.mlkit.vision.objects.custom.internal.CustomObjectsRegistrar"
109-->[com.google.mlkit:object-detection-custom:16.3.0] AndroidManifest.xml:12:17-133
110                android:value="com.google.firebase.components.ComponentRegistrar" />
110-->[com.google.mlkit:object-detection-custom:16.3.0] AndroidManifest.xml:13:17-82
111            <meta-data
111-->[com.google.android.gms:play-services-mlkit-text-recognition:16.1.2] AndroidManifest.xml:12:13-14:85
112                android:name="com.google.firebase.components:com.google.mlkit.vision.text.internal.TextRegistrar"
112-->[com.google.android.gms:play-services-mlkit-text-recognition:16.1.2] AndroidManifest.xml:13:17-114
113                android:value="com.google.firebase.components.ComponentRegistrar" />
113-->[com.google.android.gms:play-services-mlkit-text-recognition:16.1.2] AndroidManifest.xml:14:17-82
114            <meta-data
114-->[com.google.mlkit:image-labeling:17.0.1] AndroidManifest.xml:11:13-13:85
115                android:name="com.google.firebase.components:com.google.mlkit.vision.label.defaults.internal.BundledLabelRegistrar"
115-->[com.google.mlkit:image-labeling:17.0.1] AndroidManifest.xml:12:17-132
116                android:value="com.google.firebase.components.ComponentRegistrar" />
116-->[com.google.mlkit:image-labeling:17.0.1] AndroidManifest.xml:13:17-82
117            <meta-data
117-->[com.google.mlkit:image-labeling-custom:16.3.0] AndroidManifest.xml:11:13-13:85
118                android:name="com.google.firebase.components:com.google.mlkit.vision.label.custom.internal.CustomLabelRegistrar"
118-->[com.google.mlkit:image-labeling-custom:16.3.0] AndroidManifest.xml:12:17-129
119                android:value="com.google.firebase.components.ComponentRegistrar" />
119-->[com.google.mlkit:image-labeling-custom:16.3.0] AndroidManifest.xml:13:17-82
120            <meta-data
120-->[com.google.android.gms:play-services-mlkit-barcode-scanning:16.1.3] AndroidManifest.xml:12:13-14:85
121                android:name="com.google.firebase.components:com.google.mlkit.vision.barcode.internal.BarcodeRegistrar"
121-->[com.google.android.gms:play-services-mlkit-barcode-scanning:16.1.3] AndroidManifest.xml:13:17-120
122                android:value="com.google.firebase.components.ComponentRegistrar" />
122-->[com.google.android.gms:play-services-mlkit-barcode-scanning:16.1.3] AndroidManifest.xml:14:17-82
123            <meta-data
123-->[com.google.android.gms:play-services-mlkit-face-detection:16.1.2] AndroidManifest.xml:12:13-14:85
124                android:name="com.google.firebase.components:com.google.mlkit.vision.face.internal.FaceRegistrar"
124-->[com.google.android.gms:play-services-mlkit-face-detection:16.1.2] AndroidManifest.xml:13:17-114
125                android:value="com.google.firebase.components.ComponentRegistrar" />
125-->[com.google.android.gms:play-services-mlkit-face-detection:16.1.2] AndroidManifest.xml:14:17-82
126            <meta-data
126-->[com.google.mlkit:vision-internal-vkp:18.0.0] AndroidManifest.xml:11:13-13:85
127                android:name="com.google.firebase.components:com.google.mlkit.vision.vkp.VkpRegistrar"
127-->[com.google.mlkit:vision-internal-vkp:18.0.0] AndroidManifest.xml:12:17-103
128                android:value="com.google.firebase.components.ComponentRegistrar" />
128-->[com.google.mlkit:vision-internal-vkp:18.0.0] AndroidManifest.xml:13:17-82
129            <meta-data
129-->[com.google.mlkit:pose-detection-common:17.0.1-beta1] AndroidManifest.xml:11:13-13:85
130                android:name="com.google.firebase.components:com.google.mlkit.vision.pose.internal.PoseRegistrar"
130-->[com.google.mlkit:pose-detection-common:17.0.1-beta1] AndroidManifest.xml:12:17-114
131                android:value="com.google.firebase.components.ComponentRegistrar" />
131-->[com.google.mlkit:pose-detection-common:17.0.1-beta1] AndroidManifest.xml:13:17-82
132            <meta-data
132-->[com.google.mlkit:vision-common:16.2.0] AndroidManifest.xml:12:13-14:85
133                android:name="com.google.firebase.components:com.google.mlkit.vision.common.internal.VisionCommonRegistrar"
133-->[com.google.mlkit:vision-common:16.2.0] AndroidManifest.xml:13:17-124
134                android:value="com.google.firebase.components.ComponentRegistrar" />
134-->[com.google.mlkit:vision-common:16.2.0] AndroidManifest.xml:14:17-82
135            <meta-data
135-->[com.google.mlkit:common:17.1.0] AndroidManifest.xml:20:13-22:85
136                android:name="com.google.firebase.components:com.google.mlkit.common.internal.CommonComponentRegistrar"
136-->[com.google.mlkit:common:17.1.0] AndroidManifest.xml:21:17-120
137                android:value="com.google.firebase.components.ComponentRegistrar" />
137-->[com.google.mlkit:common:17.1.0] AndroidManifest.xml:22:17-82
138        </service>
139
140        <provider
140-->[com.google.mlkit:common:17.1.0] AndroidManifest.xml:9:9-13:38
141            android:name="com.google.mlkit.common.internal.MlKitInitProvider"
141-->[com.google.mlkit:common:17.1.0] AndroidManifest.xml:10:13-78
142            android:authorities="com.google.mlkit.vision.demo.mlkitinitprovider"
142-->[com.google.mlkit:common:17.1.0] AndroidManifest.xml:11:13-69
143            android:exported="false"
143-->[com.google.mlkit:common:17.1.0] AndroidManifest.xml:12:13-37
144            android:initOrder="99" />
144-->[com.google.mlkit:common:17.1.0] AndroidManifest.xml:13:13-35
145
146        <activity
146-->[com.google.android.gms:play-services-base:17.4.0] AndroidManifest.xml:23:9-26:75
147            android:name="com.google.android.gms.common.api.GoogleApiActivity"
147-->[com.google.android.gms:play-services-base:17.4.0] AndroidManifest.xml:24:13-79
148            android:exported="false"
148-->[com.google.android.gms:play-services-base:17.4.0] AndroidManifest.xml:25:13-37
149            android:theme="@android:style/Theme.Translucent.NoTitleBar" />
149-->[com.google.android.gms:play-services-base:17.4.0] AndroidManifest.xml:26:13-72
150
151        <service
151-->[com.google.android.datatransport:transport-backend-cct:2.3.2] AndroidManifest.xml:29:9-35:19
152            android:name="com.google.android.datatransport.runtime.backends.TransportBackendDiscovery"
152-->[com.google.android.datatransport:transport-backend-cct:2.3.2] AndroidManifest.xml:30:13-103
153            android:exported="false" >
153-->[com.google.android.datatransport:transport-backend-cct:2.3.2] AndroidManifest.xml:31:13-37
154            <meta-data
154-->[com.google.android.datatransport:transport-backend-cct:2.3.2] AndroidManifest.xml:32:13-34:39
155                android:name="backend:com.google.android.datatransport.cct.CctBackendFactory"
155-->[com.google.android.datatransport:transport-backend-cct:2.3.2] AndroidManifest.xml:33:17-94
156                android:value="cct" />
156-->[com.google.android.datatransport:transport-backend-cct:2.3.2] AndroidManifest.xml:34:17-36
157        </service>
158        <service
158-->[com.google.android.datatransport:transport-runtime:2.2.5] AndroidManifest.xml:26:9-30:19
159            android:name="com.google.android.datatransport.runtime.scheduling.jobscheduling.JobInfoSchedulerService"
159-->[com.google.android.datatransport:transport-runtime:2.2.5] AndroidManifest.xml:27:13-117
160            android:exported="false"
160-->[com.google.android.datatransport:transport-runtime:2.2.5] AndroidManifest.xml:28:13-37
161            android:permission="android.permission.BIND_JOB_SERVICE" >
161-->[com.google.android.datatransport:transport-runtime:2.2.5] AndroidManifest.xml:29:13-69
162        </service>
163
164        <receiver
164-->[com.google.android.datatransport:transport-runtime:2.2.5] AndroidManifest.xml:32:9-34:40
165            android:name="com.google.android.datatransport.runtime.scheduling.jobscheduling.AlarmManagerSchedulerBroadcastReceiver"
165-->[com.google.android.datatransport:transport-runtime:2.2.5] AndroidManifest.xml:33:13-132
166            android:exported="false" />
166-->[com.google.android.datatransport:transport-runtime:2.2.5] AndroidManifest.xml:34:13-37
167
168        <provider
168-->[androidx.lifecycle:lifecycle-process:2.1.0] AndroidManifest.xml:23:9-27:43
169            android:name="androidx.lifecycle.ProcessLifecycleOwnerInitializer"
169-->[androidx.lifecycle:lifecycle-process:2.1.0] AndroidManifest.xml:24:13-79
170            android:authorities="com.google.mlkit.vision.demo.lifecycle-process"
170-->[androidx.lifecycle:lifecycle-process:2.1.0] AndroidManifest.xml:25:13-69
171            android:exported="false"
171-->[androidx.lifecycle:lifecycle-process:2.1.0] AndroidManifest.xml:26:13-37
172            android:multiprocess="true" />
172-->[androidx.lifecycle:lifecycle-process:2.1.0] AndroidManifest.xml:27:13-40
173    </application>
174
175</manifest>